This is pdfTeX, Version 3.141592653-2.6-1.40.26 (TeX Live 2024) (preloaded format=pdflatex 2024.9.3)  13 JAN 2025 10:12
entering extended mode
 restricted \write18 enabled.
 %&-line parsing enabled.
**_main.tex
(./_main.tex
LaTeX2e <2023-11-01> patch level 1
L3 programming layer <2024-02-20>
(/usr/local/texlive/2024/texmf-dist/tex/latex/base/book.cls
Document Class: book 2023/05/17 v1.4n Standard LaTeX document class
(/usr/local/texlive/2024/texmf-dist/tex/latex/base/bk10.clo
File: bk10.clo 2023/05/17 v1.4n Standard LaTeX file (size option)
)
\c@part=\count188
\c@chapter=\count189
\c@section=\count190
\c@subsection=\count191
\c@subsubsection=\count192
\c@paragraph=\count193
\c@subparagraph=\count194
\c@figure=\count195
\c@table=\count196
\abovecaptionskip=\skip48
\belowcaptionskip=\skip49
\bibindent=\dimen140
)
(/usr/local/texlive/2024/texmf-dist/tex/latex/amsmath/amsmath.sty
Package: amsmath 2023/05/13 v2.17o AMS math features
\@mathmargin=\skip50

For additional information on amsmath, use the `?' option.
(/usr/local/texlive/2024/texmf-dist/tex/latex/amsmath/amstext.sty
Package: amstext 2021/08/26 v2.01 AMS text

(/usr/local/texlive/2024/texmf-dist/tex/latex/amsmath/amsgen.sty
File: amsgen.sty 1999/11/30 v2.0 generic functions
\@emptytoks=\toks17
\ex@=\dimen141
))
(/usr/local/texlive/2024/texmf-dist/tex/latex/amsmath/amsbsy.sty
Package: amsbsy 1999/11/29 v1.2d Bold Symbols
\pmbraise@=\dimen142
)
(/usr/local/texlive/2024/texmf-dist/tex/latex/amsmath/amsopn.sty
Package: amsopn 2022/04/08 v2.04 operator names
)
\inf@bad=\count197
LaTeX Info: Redefining \frac on input line 234.
\uproot@=\count198
\leftroot@=\count199
LaTeX Info: Redefining \overline on input line 399.
LaTeX Info: Redefining \colon on input line 410.
\classnum@=\count266
\DOTSCASE@=\count267
LaTeX Info: Redefining \ldots on input line 496.
LaTeX Info: Redefining \dots on input line 499.
LaTeX Info: Redefining \cdots on input line 620.
\Mathstrutbox@=\box51
\strutbox@=\box52
LaTeX Info: Redefining \big on input line 722.
LaTeX Info: Redefining \Big on input line 723.
LaTeX Info: Redefining \bigg on input line 724.
LaTeX Info: Redefining \Bigg on input line 725.
\big@size=\dimen143
LaTeX Font Info:    Redeclaring font encoding OML on input line 743.
LaTeX Font Info:    Redeclaring font encoding OMS on input line 744.
\macc@depth=\count268
LaTeX Info: Redefining \bmod on input line 905.
LaTeX Info: Redefining \pmod on input line 910.
LaTeX Info: Redefining \smash on input line 940.
LaTeX Info: Redefining \relbar on input line 970.
LaTeX Info: Redefining \Relbar on input line 971.
\c@MaxMatrixCols=\count269
\dotsspace@=\muskip16
\c@parentequation=\count270
\dspbrk@lvl=\count271
\tag@help=\toks18
\row@=\count272
\column@=\count273
\maxfields@=\count274
\andhelp@=\toks19
\eqnshift@=\dimen144
\alignsep@=\dimen145
\tagshift@=\dimen146
\tagwidth@=\dimen147
\totwidth@=\dimen148
\lineht@=\dimen149
\@envbody=\toks20
\multlinegap=\skip51
\multlinetaggap=\skip52
\mathdisplay@stack=\toks21
LaTeX Info: Redefining \[ on input line 2953.
LaTeX Info: Redefining \] on input line 2954.
)
(/usr/local/texlive/2024/texmf-dist/tex/latex/amsfonts/amssymb.sty
Package: amssymb 2013/01/14 v3.01 AMS font symbols

(/usr/local/texlive/2024/texmf-dist/tex/latex/amsfonts/amsfonts.sty
Package: amsfonts 2013/01/14 v3.01 Basic AMSFonts support
\symAMSa=\mathgroup4
\symAMSb=\mathgroup5
LaTeX Font Info:    Redeclaring math symbol \hbar on input line 98.
LaTeX Font Info:    Overwriting math alphabet `\mathfrak' in version `bold'
(Font)                  U/euf/m/n --> U/euf/b/n on input line 106.
))
(/usr/local/texlive/2024/texmf-dist/tex/generic/iftex/iftex.sty
Package: iftex 2022/02/03 v1.0f TeX engine tests
)
(/usr/local/texlive/2024/texmf-dist/tex/latex/base/fontenc.sty
Package: fontenc 2021/04/29 v2.0v Standard LaTeX package
)
(/usr/local/texlive/2024/texmf-dist/tex/latex/base/inputenc.sty
Package: inputenc 2021/02/14 v1.3d Input encoding file
\inpenc@prehook=\toks22
\inpenc@posthook=\toks23
)
(/usr/local/texlive/2024/texmf-dist/tex/latex/base/textcomp.sty
Package: textcomp 2020/02/02 v2.0n Standard LaTeX package
)
(/usr/local/texlive/2024/texmf-dist/tex/latex/lm/lmodern.sty
Package: lmodern 2015/05/01 v1.6.1 Latin Modern Fonts
LaTeX Font Info:    Overwriting symbol font `operators' in version `normal'
(Font)                  OT1/cmr/m/n --> OT1/lmr/m/n on input line 22.
LaTeX Font Info:    Overwriting symbol font `letters' in version `normal'
(Font)                  OML/cmm/m/it --> OML/lmm/m/it on input line 23.
LaTeX Font Info:    Overwriting symbol font `symbols' in version `normal'
(Font)                  OMS/cmsy/m/n --> OMS/lmsy/m/n on input line 24.
LaTeX Font Info:    Overwriting symbol font `largesymbols' in version `normal'
(Font)                  OMX/cmex/m/n --> OMX/lmex/m/n on input line 25.
LaTeX Font Info:    Overwriting symbol font `operators' in version `bold'
(Font)                  OT1/cmr/bx/n --> OT1/lmr/bx/n on input line 26.
LaTeX Font Info:    Overwriting symbol font `letters' in version `bold'
(Font)                  OML/cmm/b/it --> OML/lmm/b/it on input line 27.
LaTeX Font Info:    Overwriting symbol font `symbols' in version `bold'
(Font)                  OMS/cmsy/b/n --> OMS/lmsy/b/n on input line 28.
LaTeX Font Info:    Overwriting symbol font `largesymbols' in version `bold'
(Font)                  OMX/cmex/m/n --> OMX/lmex/m/n on input line 29.
LaTeX Font Info:    Overwriting math alphabet `\mathbf' in version `normal'
(Font)                  OT1/cmr/bx/n --> OT1/lmr/bx/n on input line 31.
LaTeX Font Info:    Overwriting math alphabet `\mathsf' in version `normal'
(Font)                  OT1/cmss/m/n --> OT1/lmss/m/n on input line 32.
LaTeX Font Info:    Overwriting math alphabet `\mathit' in version `normal'
(Font)                  OT1/cmr/m/it --> OT1/lmr/m/it on input line 33.
LaTeX Font Info:    Overwriting math alphabet `\mathtt' in version `normal'
(Font)                  OT1/cmtt/m/n --> OT1/lmtt/m/n on input line 34.
LaTeX Font Info:    Overwriting math alphabet `\mathbf' in version `bold'
(Font)                  OT1/cmr/bx/n --> OT1/lmr/bx/n on input line 35.
LaTeX Font Info:    Overwriting math alphabet `\mathsf' in version `bold'
(Font)                  OT1/cmss/bx/n --> OT1/lmss/bx/n on input line 36.
LaTeX Font Info:    Overwriting math alphabet `\mathit' in version `bold'
(Font)                  OT1/cmr/bx/it --> OT1/lmr/bx/it on input line 37.
LaTeX Font Info:    Overwriting math alphabet `\mathtt' in version `bold'
(Font)                  OT1/cmtt/m/n --> OT1/lmtt/m/n on input line 38.
)
(/usr/local/texlive/2024/texmf-dist/tex/latex/upquote/upquote.sty
Package: upquote 2012/04/19 v1.3 upright-quote and grave-accent glyphs in verba
tim
)
(/usr/local/texlive/2024/texmf-dist/tex/latex/microtype/microtype.sty
Package: microtype 2023/03/13 v3.1a Micro-typographical refinements (RS)

(/usr/local/texlive/2024/texmf-dist/tex/latex/graphics/keyval.sty
Package: keyval 2022/05/29 v1.15 key=value parser (DPC)
\KV@toks@=\toks24
)
(/usr/local/texlive/2024/texmf-dist/tex/latex/etoolbox/etoolbox.sty
Package: etoolbox 2020/10/05 v2.5k e-TeX tools for LaTeX (JAW)
\etb@tempcnta=\count275
)
\MT@toks=\toks25
\MT@tempbox=\box53
\MT@count=\count276
LaTeX Info: Redefining \noprotrusionifhmode on input line 1059.
LaTeX Info: Redefining \leftprotrusion on input line 1060.
\MT@prot@toks=\toks26
LaTeX Info: Redefining \rightprotrusion on input line 1078.
LaTeX Info: Redefining \textls on input line 1368.
\MT@outer@kern=\dimen150
LaTeX Info: Redefining \textmicrotypecontext on input line 1988.
\MT@listname@count=\count277

(/usr/local/texlive/2024/texmf-dist/tex/latex/microtype/microtype-pdftex.def
File: microtype-pdftex.def 2023/03/13 v3.1a Definitions specific to pdftex (RS)

LaTeX Info: Redefining \lsstyle on input line 902.
LaTeX Info: Redefining \lslig on input line 902.
\MT@outer@space=\skip53
)
Package microtype Info: Loading configuration file microtype.cfg.

(/usr/local/texlive/2024/texmf-dist/tex/latex/microtype/microtype.cfg
File: microtype.cfg 2023/03/13 v3.1a microtype main configuration file (RS)
))
(/usr/local/texlive/2024/texmf-dist/tex/latex/parskip/parskip.sty
Package: parskip 2021-03-14 v2.0h non-zero parskip adjustments

(/usr/local/texlive/2024/texmf-dist/tex/latex/kvoptions/kvoptions.sty
Package: kvoptions 2022-06-15 v3.15 Key value format for package options (HO)

(/usr/local/texlive/2024/texmf-dist/tex/generic/ltxcmds/ltxcmds.sty
Package: ltxcmds 2023-12-04 v1.26 LaTeX kernel commands for general use (HO)
)
(/usr/local/texlive/2024/texmf-dist/tex/latex/kvsetkeys/kvsetkeys.sty
Package: kvsetkeys 2022-10-05 v1.19 Key value parser (HO)
)))
(/usr/local/texlive/2024/texmf-dist/tex/latex/xcolor/xcolor.sty
Package: xcolor 2023/11/15 v3.01 LaTeX color extensions (UK)

(/usr/local/texlive/2024/texmf-dist/tex/latex/graphics-cfg/color.cfg
File: color.cfg 2016/01/02 v1.6 sample color configuration
)
Package xcolor Info: Driver file: pdftex.def on input line 274.

(/usr/local/texlive/2024/texmf-dist/tex/latex/graphics-def/pdftex.def
File: pdftex.def 2022/09/22 v1.2b Graphics/color driver for pdftex
)
(/usr/local/texlive/2024/texmf-dist/tex/latex/graphics/mathcolor.ltx)
Package xcolor Info: Model `cmy' substituted by `cmy0' on input line 1350.
Package xcolor Info: Model `hsb' substituted by `rgb' on input line 1354.
Package xcolor Info: Model `RGB' extended on input line 1366.
Package xcolor Info: Model `HTML' substituted by `rgb' on input line 1368.
Package xcolor Info: Model `Hsb' substituted by `hsb' on input line 1369.
Package xcolor Info: Model `tHsb' substituted by `hsb' on input line 1370.
Package xcolor Info: Model `HSB' substituted by `hsb' on input line 1371.
Package xcolor Info: Model `Gray' substituted by `gray' on input line 1372.
Package xcolor Info: Model `wave' substituted by `hsb' on input line 1373.
)
(/usr/local/texlive/2024/texmf-dist/tex/latex/fancyvrb/fancyvrb.sty
Package: fancyvrb 2024/01/20 4.5c verbatim text (tvz,hv)
\FV@CodeLineNo=\count278
\FV@InFile=\read2
\FV@TabBox=\box54
\c@FancyVerbLine=\count279
\FV@StepNumber=\count280
\FV@OutFile=\write3
)
(/usr/local/texlive/2024/texmf-dist/tex/latex/framed/framed.sty
Package: framed 2011/10/22 v 0.96: framed or shaded text with page breaks
\OuterFrameSep=\skip54
\fb@frw=\dimen151
\fb@frh=\dimen152
\FrameRule=\dimen153
\FrameSep=\dimen154
)
(/usr/local/texlive/2024/texmf-dist/tex/latex/tools/longtable.sty
Package: longtable 2023-11-01 v4.19 Multi-page Table package (DPC)
\LTleft=\skip55
\LTright=\skip56
\LTpre=\skip57
\LTpost=\skip58
\LTchunksize=\count281
\LTcapwidth=\dimen155
\LT@head=\box55
\LT@firsthead=\box56
\LT@foot=\box57
\LT@lastfoot=\box58
\LT@gbox=\box59
\LT@cols=\count282
\LT@rows=\count283
\c@LT@tables=\count284
\c@LT@chunks=\count285
\LT@p@ftn=\toks27
)
(/usr/local/texlive/2024/texmf-dist/tex/latex/booktabs/booktabs.sty
Package: booktabs 2020/01/12 v1.61803398 Publication quality tables
\heavyrulewidth=\dimen156
\lightrulewidth=\dimen157
\cmidrulewidth=\dimen158
\belowrulesep=\dimen159
\belowbottomsep=\dimen160
\aboverulesep=\dimen161
\abovetopsep=\dimen162
\cmidrulesep=\dimen163
\cmidrulekern=\dimen164
\defaultaddspace=\dimen165
\@cmidla=\count286
\@cmidlb=\count287
\@aboverulesep=\dimen166
\@belowrulesep=\dimen167
\@thisruleclass=\count288
\@lastruleclass=\count289
\@thisrulewidth=\dimen168
)
(/usr/local/texlive/2024/texmf-dist/tex/latex/tools/array.sty
Package: array 2023/10/16 v2.5g Tabular extension package (FMi)
\col@sep=\dimen169
\ar@mcellbox=\box60
\extrarowheight=\dimen170
\NC@list=\toks28
\extratabsurround=\skip59
\backup@length=\skip60
\ar@cellbox=\box61
)
(/usr/local/texlive/2024/texmf-dist/tex/latex/tools/calc.sty
Package: calc 2023/07/08 v4.3 Infix arithmetic (KKT,FJ)
\calc@Acount=\count290
\calc@Bcount=\count291
\calc@Adimen=\dimen171
\calc@Bdimen=\dimen172
\calc@Askip=\skip61
\calc@Bskip=\skip62
LaTeX Info: Redefining \setlength on input line 80.
LaTeX Info: Redefining \addtolength on input line 81.
\calc@Ccount=\count292
\calc@Cskip=\skip63
)
(/usr/local/texlive/2024/texmf-dist/tex/latex/footnotehyper/footnotehyper.sty
Package: footnotehyper 2021/08/13 v1.1e hyperref aware footnote.sty (JFB)
\FNH@notes=\box62
\FNH@width=\dimen173
\FNH@toks=\toks29
)
(/usr/local/texlive/2024/texmf-dist/tex/latex/graphics/graphicx.sty
Package: graphicx 2021/09/16 v1.2d Enhanced LaTeX Graphics (DPC,SPQR)

(/usr/local/texlive/2024/texmf-dist/tex/latex/graphics/graphics.sty
Package: graphics 2022/03/10 v1.4e Standard LaTeX Graphics (DPC,SPQR)

(/usr/local/texlive/2024/texmf-dist/tex/latex/graphics/trig.sty
Package: trig 2021/08/11 v1.11 sin cos tan (DPC)
)
(/usr/local/texlive/2024/texmf-dist/tex/latex/graphics-cfg/graphics.cfg
File: graphics.cfg 2016/06/04 v1.11 sample graphics configuration
)
Package graphics Info: Driver file: pdftex.def on input line 107.
)
\Gin@req@height=\dimen174
\Gin@req@width=\dimen175
)
(/usr/local/texlive/2024/texmf-dist/tex/latex/natbib/natbib.sty
Package: natbib 2010/09/13 8.31b (PWD, AO)
\bibhang=\skip64
\bibsep=\skip65
LaTeX Info: Redefining \cite on input line 694.
\c@NAT@ctr=\count293
)
(/usr/local/texlive/2024/texmf-dist/tex/latex/bookmark/bookmark.sty
Package: bookmark 2023-12-10 v1.31 PDF bookmarks (HO)

(/usr/local/texlive/2024/texmf-dist/tex/latex/hyperref/hyperref.sty
Package: hyperref 2024-01-20 v7.01h Hypertext links for LaTeX

(/usr/local/texlive/2024/texmf-dist/tex/generic/kvdefinekeys/kvdefinekeys.sty
Package: kvdefinekeys 2019-12-19 v1.6 Define keys (HO)
)
(/usr/local/texlive/2024/texmf-dist/tex/generic/pdfescape/pdfescape.sty
Package: pdfescape 2019/12/09 v1.15 Implements pdfTeX's escape features (HO)

(/usr/local/texlive/2024/texmf-dist/tex/generic/pdftexcmds/pdftexcmds.sty
Package: pdftexcmds 2020-06-27 v0.33 Utility functions of pdfTeX for LuaTeX (HO
)

(/usr/local/texlive/2024/texmf-dist/tex/generic/infwarerr/infwarerr.sty
Package: infwarerr 2019/12/03 v1.5 Providing info/warning/error messages (HO)
)
Package pdftexcmds Info: \pdf@primitive is available.
Package pdftexcmds Info: \pdf@ifprimitive is available.
Package pdftexcmds Info: \pdfdraftmode found.
))
(/usr/local/texlive/2024/texmf-dist/tex/latex/hycolor/hycolor.sty
Package: hycolor 2020-01-27 v1.10 Color options for hyperref/bookmark (HO)
)
(/usr/local/texlive/2024/texmf-dist/tex/latex/auxhook/auxhook.sty
Package: auxhook 2019-12-17 v1.6 Hooks for auxiliary files (HO)
)
(/usr/local/texlive/2024/texmf-dist/tex/latex/hyperref/nameref.sty
Package: nameref 2023-11-26 v2.56 Cross-referencing by name of section

(/usr/local/texlive/2024/texmf-dist/tex/latex/refcount/refcount.sty
Package: refcount 2019/12/15 v3.6 Data extraction from label references (HO)
)
(/usr/local/texlive/2024/texmf-dist/tex/generic/gettitlestring/gettitlestring.s
ty
Package: gettitlestring 2019/12/15 v1.6 Cleanup title references (HO)
)
\c@section@level=\count294
)
\@linkdim=\dimen176
\Hy@linkcounter=\count295
\Hy@pagecounter=\count296
 (/usr/local/texlive/2024/texmf-dist/tex/latex/hyperref/pd1enc.def
File: pd1enc.def 2024-01-20 v7.01h Hyperref: PDFDocEncoding definition (HO)
Now handling font encoding PD1 ...
... no UTF-8 mapping file for font encoding PD1
)
(/usr/local/texlive/2024/texmf-dist/tex/generic/intcalc/intcalc.sty
Package: intcalc 2019/12/15 v1.3 Expandable calculations with integers (HO)
)
\Hy@SavedSpaceFactor=\count297

(/usr/local/texlive/2024/texmf-dist/tex/latex/hyperref/puenc.def
File: puenc.def 2024-01-20 v7.01h Hyperref: PDF Unicode definition (HO)
Now handling font encoding PU ...
... no UTF-8 mapping file for font encoding PU
)
Package hyperref Info: Option `unicode' set `true' on input line 4062.
Package hyperref Info: Hyper figures OFF on input line 4179.
Package hyperref Info: Link nesting OFF on input line 4184.
Package hyperref Info: Hyper index ON on input line 4187.
Package hyperref Info: Plain pages OFF on input line 4194.
Package hyperref Info: Backreferencing OFF on input line 4199.
Package hyperref Info: Implicit mode ON; LaTeX internals redefined.
Package hyperref Info: Bookmarks ON on input line 4446.
\c@Hy@tempcnt=\count298

(/usr/local/texlive/2024/texmf-dist/tex/latex/url/url.sty
\Urlmuskip=\muskip17
Package: url 2013/09/16  ver 3.4  Verb mode for urls, etc.
)
LaTeX Info: Redefining \url on input line 4784.
\XeTeXLinkMargin=\dimen177

(/usr/local/texlive/2024/texmf-dist/tex/generic/bitset/bitset.sty
Package: bitset 2019/12/09 v1.3 Handle bit-vector datatype (HO)

(/usr/local/texlive/2024/texmf-dist/tex/generic/bigintcalc/bigintcalc.sty
Package: bigintcalc 2019/12/15 v1.5 Expandable calculations on big integers (HO
)
))
\Fld@menulength=\count299
\Field@Width=\dimen178
\Fld@charsize=\dimen179
Package hyperref Info: Hyper figures OFF on input line 6063.
Package hyperref Info: Link nesting OFF on input line 6068.
Package hyperref Info: Hyper index ON on input line 6071.
Package hyperref Info: backreferencing OFF on input line 6078.
Package hyperref Info: Link coloring OFF on input line 6083.
Package hyperref Info: Link coloring with OCG OFF on input line 6088.
Package hyperref Info: PDF/A mode OFF on input line 6093.

(/usr/local/texlive/2024/texmf-dist/tex/latex/base/atbegshi-ltx.sty
Package: atbegshi-ltx 2021/01/10 v1.0c Emulation of the original atbegshi
package with kernel methods
)
\Hy@abspage=\count300
\c@Item=\count301
\c@Hfootnote=\count302
)
Package hyperref Info: Driver (autodetected): hpdftex.

(/usr/local/texlive/2024/texmf-dist/tex/latex/hyperref/hpdftex.def
File: hpdftex.def 2024-01-20 v7.01h Hyperref driver for pdfTeX

(/usr/local/texlive/2024/texmf-dist/tex/latex/base/atveryend-ltx.sty
Package: atveryend-ltx 2020/08/19 v1.0a Emulation of the original atveryend pac
kage
with kernel methods
)
\Fld@listcount=\count303
\c@bookmark@seq@number=\count304

(/usr/local/texlive/2024/texmf-dist/tex/latex/rerunfilecheck/rerunfilecheck.sty
Package: rerunfilecheck 2022-07-10 v1.10 Rerun checks for auxiliary files (HO)

(/usr/local/texlive/2024/texmf-dist/tex/generic/uniquecounter/uniquecounter.sty
Package: uniquecounter 2019/12/15 v1.4 Provide unlimited unique counter (HO)
)
Package uniquecounter Info: New unique counter `rerunfilecheck' on input line 2
85.
)
\Hy@SectionHShift=\skip66
) (/usr/local/texlive/2024/texmf-dist/tex/latex/bookmark/bkm-pdftex.def
File: bkm-pdftex.def 2023-12-10 v1.31 bookmark driver for pdfTeX and luaTeX (HO
)
\BKM@id=\count305
))
(/usr/local/texlive/2024/texmf-dist/tex/latex/xurl/xurl.sty
Package: xurl 2022/01/09 v 0.10 modify URL breaks
)
(/usr/local/texlive/2024/texmf-dist/tex/latex/amscls/amsthm.sty
Package: amsthm 2020/05/29 v2.20.6
\thm@style=\toks30
\thm@bodyfont=\toks31
\thm@headfont=\toks32
\thm@notefont=\toks33
\thm@headpunct=\toks34
\thm@preskip=\skip67
\thm@postskip=\skip68
\thm@headsep=\skip69
\dth@everypar=\toks35
)
\c@theorem=\count306
\c@lemma=\count307
\c@corollary=\count308
\c@proposition=\count309
\c@conjecture=\count310
\c@definition=\count311
\c@example=\count312
\c@exercise=\count313
\c@hypothesis=\count314
LaTeX Font Info:    Trying to load font information for T1+lmr on input line 14
2.

(/usr/local/texlive/2024/texmf-dist/tex/latex/lm/t1lmr.fd
File: t1lmr.fd 2015/05/01 v1.6.1 Font defs for Latin Modern
)
(/usr/local/texlive/2024/texmf-dist/tex/latex/l3backend/l3backend-pdftex.def
File: l3backend-pdftex.def 2024-02-20 L3 backend support: PDF output (pdfTeX)
\l__color_backend_stack_int=\count315
\l__pdf_internal_box=\box63
)
(./_main.aux

LaTeX Warning: Label `exm:norm' multiply defined.

)
\openout1 = `_main.aux'.

LaTeX Font Info:    Checking defaults for OML/cmm/m/it on input line 142.
LaTeX Font Info:    ... okay on input line 142.
LaTeX Font Info:    Checking defaults for OMS/cmsy/m/n on input line 142.
LaTeX Font Info:    ... okay on input line 142.
LaTeX Font Info:    Checking defaults for OT1/cmr/m/n on input line 142.
LaTeX Font Info:    ... okay on input line 142.
LaTeX Font Info:    Checking defaults for T1/cmr/m/n on input line 142.
LaTeX Font Info:    ... okay on input line 142.
LaTeX Font Info:    Checking defaults for TS1/cmr/m/n on input line 142.
LaTeX Font Info:    ... okay on input line 142.
LaTeX Font Info:    Checking defaults for OMX/cmex/m/n on input line 142.
LaTeX Font Info:    ... okay on input line 142.
LaTeX Font Info:    Checking defaults for U/cmr/m/n on input line 142.
LaTeX Font Info:    ... okay on input line 142.
LaTeX Font Info:    Checking defaults for PD1/pdf/m/n on input line 142.
LaTeX Font Info:    ... okay on input line 142.
LaTeX Font Info:    Checking defaults for PU/pdf/m/n on input line 142.
LaTeX Font Info:    ... okay on input line 142.
LaTeX Info: Redefining \microtypecontext on input line 142.
Package microtype Info: Applying patch `item' on input line 142.
Package microtype Info: Applying patch `toc' on input line 142.
Package microtype Info: Applying patch `eqnum' on input line 142.
Package microtype Info: Applying patch `footnote' on input line 142.
Package microtype Info: Applying patch `verbatim' on input line 142.
Package microtype Info: Generating PDF output.
Package microtype Info: Character protrusion enabled (level 2).
Package microtype Info: Using protrusion set `basicmath'.
Package microtype Info: Automatic font expansion enabled (level 2),
(microtype)             stretch: 20, shrink: 20, step: 1, non-selected.
Package microtype Info: Using default expansion set `alltext-nott'.
LaTeX Info: Redefining \showhyphens on input line 142.
Package microtype Info: No adjustment of tracking.
Package microtype Info: No adjustment of interword spacing.
Package microtype Info: No adjustment of character kerning.
 (/usr/local/texlive/2024/texmf-dist/tex/latex/microtype/mt-cmr.cfg
File: mt-cmr.cfg 2013/05/19 v2.2 microtype config. file: Computer Modern Roman 
(RS)
)
(/usr/local/texlive/2024/texmf-dist/tex/context/base/mkii/supp-pdf.mkii
[Loading MPS to PDF converter (version 2006.09.02).]
\scratchcounter=\count316
\scratchdimen=\dimen180
\scratchbox=\box64
\nofMPsegments=\count317
\nofMParguments=\count318
\everyMPshowfont=\toks36
\MPscratchCnt=\count319
\MPscratchDim=\dimen181
\MPnumerator=\count320
\makeMPintoPDFobject=\count321
\everyMPtoPDFconversion=\toks37
) (/usr/local/texlive/2024/texmf-dist/tex/latex/epstopdf-pkg/epstopdf-base.sty
Package: epstopdf-base 2020-01-24 v2.11 Base part for package epstopdf
Package epstopdf-base Info: Redefining graphics rule for `.eps' on input line 4
85.

(/usr/local/texlive/2024/texmf-dist/tex/latex/latexconfig/epstopdf-sys.cfg
File: epstopdf-sys.cfg 2010/07/13 v1.3 Configuration of (r)epstopdf for TeX Liv
e
))
Package hyperref Info: Link coloring OFF on input line 142.
LaTeX Font Info:    Trying to load font information for OT1+lmr on input line 1
44.

(/usr/local/texlive/2024/texmf-dist/tex/latex/lm/ot1lmr.fd
File: ot1lmr.fd 2015/05/01 v1.6.1 Font defs for Latin Modern
)
LaTeX Font Info:    Trying to load font information for OML+lmm on input line 1
44.

(/usr/local/texlive/2024/texmf-dist/tex/latex/lm/omllmm.fd
File: omllmm.fd 2015/05/01 v1.6.1 Font defs for Latin Modern
)
LaTeX Font Info:    Trying to load font information for OMS+lmsy on input line 
144.

(/usr/local/texlive/2024/texmf-dist/tex/latex/lm/omslmsy.fd
File: omslmsy.fd 2015/05/01 v1.6.1 Font defs for Latin Modern
)
LaTeX Font Info:    Trying to load font information for OMX+lmex on input line 
144.

(/usr/local/texlive/2024/texmf-dist/tex/latex/lm/omxlmex.fd
File: omxlmex.fd 2015/05/01 v1.6.1 Font defs for Latin Modern
)
LaTeX Font Info:    External font `lmex10' loaded for size
(Font)              <12> on input line 144.
LaTeX Font Info:    External font `lmex10' loaded for size
(Font)              <8> on input line 144.
LaTeX Font Info:    External font `lmex10' loaded for size
(Font)              <6> on input line 144.
LaTeX Font Info:    Trying to load font information for U+msa on input line 144
.

(/usr/local/texlive/2024/texmf-dist/tex/latex/amsfonts/umsa.fd
File: umsa.fd 2013/01/14 v3.01 AMS symbols A
)
(/usr/local/texlive/2024/texmf-dist/tex/latex/microtype/mt-msa.cfg
File: mt-msa.cfg 2006/02/04 v1.1 microtype config. file: AMS symbols (a) (RS)
)
LaTeX Font Info:    Trying to load font information for U+msb on input line 144
.

(/usr/local/texlive/2024/texmf-dist/tex/latex/amsfonts/umsb.fd
File: umsb.fd 2013/01/14 v3.01 AMS symbols B
)
(/usr/local/texlive/2024/texmf-dist/tex/latex/microtype/mt-msb.cfg
File: mt-msb.cfg 2005/06/01 v1.0 microtype config. file: AMS symbols (b) (RS)
) [1


{/usr/local/texlive/2024/texmf-var/fonts/map/pdftex/updmap/pdftex.map}{/usr/loc
al/texlive/2024/texmf-dist/fonts/enc/dvips/lm/lm-ec.enc}] [2

] (./_main.toc
LaTeX Font Info:    External font `lmex10' loaded for size
(Font)              <10> on input line 2.
LaTeX Font Info:    External font `lmex10' loaded for size
(Font)              <7> on input line 2.
LaTeX Font Info:    External font `lmex10' loaded for size
(Font)              <5> on input line 2.
 [3])
\tf@toc=\write4
\openout4 = `_main.toc'.

 [4]
Underfull \vbox (badness 10000) has occurred while \output is active []

 [5

]
[6] [7{/usr/local/texlive/2024/texmf-dist/fonts/enc/dvips/lm/lm-mathit.enc}{/us
r/local/texlive/2024/texmf-dist/fonts/enc/dvips/lm/lm-rm.enc}{/usr/local/texliv
e/2024/texmf-dist/fonts/enc/dvips/lm/lm-mathsy.enc}{/usr/local/texlive/2024/tex
mf-dist/fonts/enc/dvips/lm/lm-mathex.enc}] [8]
Chapter 1.
[9

] [10] [11]
Overfull \hbox (16.32907pt too wide) detected at line 463
[]
 []

[12]
Underfull \hbox (badness 10000) in paragraph at lines 515--517

 []

[13] [14]
Underfull \hbox (badness 2452) in paragraph at lines 565--567
[]\T1/lmr/m/n/10 (+20) For the uni-form prior dis-tri-bu-tion, the pos-te-rior 
dis-tri-bu-tion is
 []


Underfull \hbox (badness 10000) in paragraph at lines 565--567

 []

LaTeX Font Info:    Trying to load font information for T1+lmtt on input line 5
73.
(/usr/local/texlive/2024/texmf-dist/tex/latex/lm/t1lmtt.fd
File: t1lmtt.fd 2015/05/01 v1.6.1 Font defs for Latin Modern
)
LaTeX Font Info:    Font shape `T1/lmtt/bx/n' in size <10> not available
(Font)              Font shape `T1/lmtt/b/n' tried instead on input line 576.
LaTeX Font Info:    Trying to load font information for TS1+lmtt on input line 
600.

(/usr/local/texlive/2024/texmf-dist/tex/latex/lm/ts1lmtt.fd
File: ts1lmtt.fd 2015/05/01 v1.6.1 Font defs for Latin Modern
) [15]
<_main_files/figure-latex/prior-posterior-grid-1.pdf, id=251, 412.54124pt x 279
.0425pt>
File: _main_files/figure-latex/prior-posterior-grid-1.pdf Graphic file (type pd
f)
<use _main_files/figure-latex/prior-posterior-grid-1.pdf>
Package pdftex.def Info: _main_files/figure-latex/prior-posterior-grid-1.pdf  u
sed on input line 614.
(pdftex.def)             Requested size: 345.00262pt x 233.35944pt.

Underfull \vbox (badness 5711) has occurred while \output is active []

 [16{/usr/local/texlive/2024/texmf-dist/fonts/enc/dvips/lm/lm-ts1.enc} <./_main
_files/figure-latex/prior-posterior-grid-1.pdf>] [17] [18

]
Chapter 2.
LaTeX Font Info:    Trying to load font information for TS1+lmr on input line 6
39.
(/usr/local/texlive/2024/texmf-dist/tex/latex/lm/ts1lmr.fd
File: ts1lmr.fd 2015/05/01 v1.6.1 Font defs for Latin Modern
) [19]
<_main_files/figure-latex/unnamed-chunk-3-1.pdf, id=293, 431.6125pt x 258.9675p
t>
File: _main_files/figure-latex/unnamed-chunk-3-1.pdf Graphic file (type pdf)
<use _main_files/figure-latex/unnamed-chunk-3-1.pdf>
Package pdftex.def Info: _main_files/figure-latex/unnamed-chunk-3-1.pdf  used o
n input line 682.
(pdftex.def)             Requested size: 345.01385pt x 207.00829pt.
<_main_files/figure-latex/unnamed-chunk-4-1.pdf, id=294, 435.6275pt x 258.9675p
t>
File: _main_files/figure-latex/unnamed-chunk-4-1.pdf Graphic file (type pdf)
<use _main_files/figure-latex/unnamed-chunk-4-1.pdf>
Package pdftex.def Info: _main_files/figure-latex/unnamed-chunk-4-1.pdf  used o
n input line 697.
(pdftex.def)             Requested size: 344.99944pt x 205.09181pt.
 [20 <./_main_files/figure-latex/unnamed-chunk-3-1.pdf>]
Overfull \hbox (48.74886pt too wide) in paragraph at lines 738--738
[]\T1/lmtt/m/n/10 # Plot one --------------------------------------------------
--------------[] 
 []


Overfull \hbox (11.99896pt too wide) in paragraph at lines 738--738
[]\T1/lmtt/m/n/10 x <- rnorm(n = , mean = , sd = ) #Simulate daily change for 1
00 days[] 
 []


Overfull \hbox (48.74886pt too wide) in paragraph at lines 738--738
[]\T1/lmtt/m/n/10 # Plot 100 realisations -------------------------------------
--------------[] 
 []


Overfull \hbox (69.7488pt too wide) in paragraph at lines 738--738
[]\T1/lmtt/m/n/10 market.index <- matrix(NA, 100, 100) #Initialise a matrix to 
store trajectories[] 
 []

[21 <./_main_files/figure-latex/unnamed-chunk-4-1.pdf>] [22]
Overfull \hbox (48.74886pt too wide) in paragraph at lines 827--827
[]\T1/lmtt/m/n/10 r.sq                 <- x^2 + y^2                #check how f
ar from origin[] 
 []


Overfull \hbox (48.74886pt too wide) in paragraph at lines 827--827
[]\T1/lmtt/m/n/10 number.inside.circle <-           #count how many points insi
de unit cirlce[] 
 []

[23]
Overfull \hbox (32.9989pt too wide) in paragraph at lines 859--859
[]\T1/lmtt/m/n/10 #install.packages("scatterplot3d") #you may need to install t
his package[] 
 []


Overfull \hbox (38.24889pt too wide) in paragraph at lines 859--859
[]\T1/lmtt/m/n/10 scatterplot3d::scatterplot3d(X[1:9998], X[2:9999], X[3:10000]
, angle=154,[] 
 []


Overfull \hbox (216.74837pt too wide) in paragraph at lines 859--859
[]                             \T1/lmtt/m/n/10 xlab = expression(X[i]), ylab = 
expression(X[i+1]), zlab = expression(X[i+2]))[] 
 []


Overfull \hbox (64.49881pt too wide) in paragraph at lines 913--913
[]\T1/lmtt/m/n/10 # 1. Shuffling ----------------------------------------------
-----------------[] 
 []

[24]
Overfull \hbox (38.24889pt too wide) in paragraph at lines 913--913
[]\T1/lmtt/m/n/10 plot( , , xlab = expression(X[i-1]), ylab = expression(X[i]),
 type = \TS1/lmtt/m/n/10 '\T1/lmtt/m/n/10 l\TS1/lmtt/m/n/10 '\T1/lmtt/m/n/10 )[
] 
 []


Overfull \hbox (64.49881pt too wide) in paragraph at lines 913--913
[]\T1/lmtt/m/n/10 # 2. Shuffling ----------------------------------------------
-----------------[] 
 []


Overfull \hbox (69.7488pt too wide) in paragraph at lines 913--913
[]\T1/lmtt/m/n/10 plot(x = ,y = , xlab = expression(Z[i-1]), ylab = expression(
Z[i]), type = \TS1/lmtt/m/n/10 '\T1/lmtt/m/n/10 l\TS1/lmtt/m/n/10 '\T1/lmtt/m/n
/10 )[] 
 []


Underfull \vbox (badness 3568) has occurred while \output is active []

 [25]
Overfull \hbox (69.7488pt too wide) in paragraph at lines 937--937
[]\T1/lmtt/m/n/10 ##  [1]  0.02630280  0.15897398  0.07743111 -0.55770066  0.63
129461  0.42662953[] 
 []

[26] [27]
Underfull \hbox (badness 2922) in paragraph at lines 1040--1042
[]\T1/lmr/m/n/10 (+20) Write short func-tions names, e.g. \T1/lmtt/m/n/10 buy.l
oot.box \T1/lmr/m/n/10 (+20) is bet-ter than
 []


Overfull \hbox (48.74886pt too wide) in paragraph at lines 1075--1075
[]\T1/lmtt/m/n/10 # Plot one --------------------------------------------------
--------------[] 
 []


Overfull \hbox (48.74886pt too wide) in paragraph at lines 1075--1075
[]\T1/lmtt/m/n/10 # Plot 100 realisations -------------------------------------
--------------[] 
 []


Overfull \hbox (185.24846pt too wide) in paragraph at lines 1075--1075
[]\T1/lmtt/m/n/10 hist(X[50,]);hist(X[100,]);quantile(X[50,], c(0.25, 0.5, 0.75
));quantile(X[100,], c(0.25, 0.5, 0.75))[] 
 []

[28]
Chapter 3.
[29

] [30] [31]
<_main_files/figure-latex/unnamed-chunk-9-1.pdf, id=402, 436.63126pt x 248.93pt
>
File: _main_files/figure-latex/unnamed-chunk-9-1.pdf Graphic file (type pdf)
<use _main_files/figure-latex/unnamed-chunk-9-1.pdf>
Package pdftex.def Info: _main_files/figure-latex/unnamed-chunk-9-1.pdf  used o
n input line 1217.
(pdftex.def)             Requested size: 345.00154pt x 196.69052pt.
<_main_files/figure-latex/unnamed-chunk-9-2.pdf, id=403, 436.63126pt x 248.93pt
>
File: _main_files/figure-latex/unnamed-chunk-9-2.pdf Graphic file (type pdf)
<use _main_files/figure-latex/unnamed-chunk-9-2.pdf>
Package pdftex.def Info: _main_files/figure-latex/unnamed-chunk-9-2.pdf  used o
n input line 1225.
(pdftex.def)             Requested size: 345.00154pt x 196.69052pt.

Underfull \vbox (badness 10000) has occurred while \output is active []

 [32 <./_main_files/figure-latex/unnamed-chunk-9-1.pdf>]
Underfull \vbox (badness 5475) has occurred while \output is active []

 [33 <./_main_files/figure-latex/unnamed-chunk-9-2.pdf>] [34]
<_main_files/figure-latex/unnamed-chunk-11-1.pdf, id=435, 436.63126pt x 248.93p
t>
File: _main_files/figure-latex/unnamed-chunk-11-1.pdf Graphic file (type pdf)
<use _main_files/figure-latex/unnamed-chunk-11-1.pdf>
Package pdftex.def Info: _main_files/figure-latex/unnamed-chunk-11-1.pdf  used 
on input line 1331.
(pdftex.def)             Requested size: 345.00154pt x 196.69052pt.

Underfull \vbox (badness 10000) has occurred while \output is active []

 [35]
Underfull \vbox (badness 1014) has occurred while \output is active []

 [36 <./_main_files/figure-latex/unnamed-chunk-11-1.pdf>] [37]
Overfull \hbox (32.04417pt too wide) detected at line 1415
[]
 []

[38]
<_main_files/figure-latex/unnamed-chunk-14-1.pdf, id=468, 436.63126pt x 248.93p
t>
File: _main_files/figure-latex/unnamed-chunk-14-1.pdf Graphic file (type pdf)
<use _main_files/figure-latex/unnamed-chunk-14-1.pdf>
Package pdftex.def Info: _main_files/figure-latex/unnamed-chunk-14-1.pdf  used 
on input line 1454.
(pdftex.def)             Requested size: 345.00154pt x 196.69052pt.
 [39 <./_main_files/figure-latex/unnamed-chunk-14-1.pdf>] [40]
Underfull \hbox (badness 10000) in paragraph at lines 1555--1556

 []


Underfull \vbox (badness 4779) has occurred while \output is active []

 [41]
[42]
<_main_files/figure-latex/unnamed-chunk-16-1.pdf, id=504, 424.58624pt x 249.933
75pt>
File: _main_files/figure-latex/unnamed-chunk-16-1.pdf Graphic file (type pdf)
<use _main_files/figure-latex/unnamed-chunk-16-1.pdf>
Package pdftex.def Info: _main_files/figure-latex/unnamed-chunk-16-1.pdf  used 
on input line 1610.
(pdftex.def)             Requested size: 345.01434pt x 203.09355pt.
 [43 <./_main_files/figure-latex/unnamed-chunk-16-1.pdf>]
<_main_files/figure-latex/unnamed-chunk-17-1.pdf, id=519, 436.63126pt x 248.93p
t>
File: _main_files/figure-latex/unnamed-chunk-17-1.pdf Graphic file (type pdf)
<use _main_files/figure-latex/unnamed-chunk-17-1.pdf>
Package pdftex.def Info: _main_files/figure-latex/unnamed-chunk-17-1.pdf  used 
on input line 1652.
(pdftex.def)             Requested size: 345.00154pt x 196.69052pt.
 [44 <./_main_files/figure-latex/unnamed-chunk-17-1.pdf>]
<_main_files/figure-latex/unnamed-chunk-17-2.pdf, id=533, 436.63126pt x 248.93p
t>
File: _main_files/figure-latex/unnamed-chunk-17-2.pdf Graphic file (type pdf)
<use _main_files/figure-latex/unnamed-chunk-17-2.pdf>
Package pdftex.def Info: _main_files/figure-latex/unnamed-chunk-17-2.pdf  used 
on input line 1661.
(pdftex.def)             Requested size: 345.00154pt x 196.69052pt.
<_main_files/figure-latex/unnamed-chunk-18-1.pdf, id=534, 436.63126pt x 249.933
75pt>
File: _main_files/figure-latex/unnamed-chunk-18-1.pdf Graphic file (type pdf)
<use _main_files/figure-latex/unnamed-chunk-18-1.pdf>
Package pdftex.def Info: _main_files/figure-latex/unnamed-chunk-18-1.pdf  used 
on input line 1679.
(pdftex.def)             Requested size: 345.00154pt x 197.48363pt.

Underfull \vbox (badness 10000) has occurred while \output is active []

 [45 <./_main_files/figure-latex/unnamed-chunk-17-2.pdf>]
<_main_files/figure-latex/unnamed-chunk-18-2.pdf, id=547, 436.63126pt x 248.93p
t>
File: _main_files/figure-latex/unnamed-chunk-18-2.pdf Graphic file (type pdf)
<use _main_files/figure-latex/unnamed-chunk-18-2.pdf>
Package pdftex.def Info: _main_files/figure-latex/unnamed-chunk-18-2.pdf  used 
on input line 1688.
(pdftex.def)             Requested size: 345.00154pt x 196.69052pt.
 [46 <./_main_files/figure-latex/unnamed-chunk-18-1.pdf> <./_main_files/figure-
latex/unnamed-chunk-18-2.pdf>]
<_main_files/figure-latex/unnamed-chunk-19-1.pdf, id=568, 436.63126pt x 254.952
5pt>
File: _main_files/figure-latex/unnamed-chunk-19-1.pdf Graphic file (type pdf)
<use _main_files/figure-latex/unnamed-chunk-19-1.pdf>
Package pdftex.def Info: _main_files/figure-latex/unnamed-chunk-19-1.pdf  used 
on input line 1706.
(pdftex.def)             Requested size: 345.00154pt x 201.44916pt.

[47 <./_main_files/figure-latex/unnamed-chunk-19-1.pdf>]
Overfull \hbox (211.49838pt too wide) in paragraph at lines 1765--1765
[]\T1/lmtt/m/n/10 y <- c(1.019844, 1.043574, 1.360953, 1.049228, 1.491926, 1.19
2943, 1.323738, 1.262572, 2.034768, 1.451654)[] 
 []

[48]
Chapter 4.
[49

] [50]
<_main_files/figure-latex/unnamed-chunk-23-1.pdf, id=608, 436.63126pt x 251.941
25pt>
File: _main_files/figure-latex/unnamed-chunk-23-1.pdf Graphic file (type pdf)
<use _main_files/figure-latex/unnamed-chunk-23-1.pdf>
Package pdftex.def Info: _main_files/figure-latex/unnamed-chunk-23-1.pdf  used 
on input line 1873.
(pdftex.def)             Requested size: 345.00154pt x 199.06984pt.
<_main_files/figure-latex/unnamed-chunk-24-1.pdf, id=609, 434.62375pt x 248.93p
t>
File: _main_files/figure-latex/unnamed-chunk-24-1.pdf Graphic file (type pdf)
<use _main_files/figure-latex/unnamed-chunk-24-1.pdf>
Package pdftex.def Info: _main_files/figure-latex/unnamed-chunk-24-1.pdf  used 
on input line 1891.
(pdftex.def)             Requested size: 345.0202pt x 197.60973pt.
 [51 <./_main_files/figure-latex/unnamed-chunk-23-1.pdf>] [52 <./_main_files/fi
gure-latex/unnamed-chunk-24-1.pdf>]
<_main_files/figure-latex/unnamed-chunk-25-1.pdf, id=635, 436.63126pt x 248.93p
t>
File: _main_files/figure-latex/unnamed-chunk-25-1.pdf Graphic file (type pdf)
<use _main_files/figure-latex/unnamed-chunk-25-1.pdf>
Package pdftex.def Info: _main_files/figure-latex/unnamed-chunk-25-1.pdf  used 
on input line 1918.
(pdftex.def)             Requested size: 345.00154pt x 196.69052pt.
 [53 <./_main_files/figure-latex/unnamed-chunk-25-1.pdf>]
<_main_files/figure-latex/unnamed-chunk-26-1.pdf, id=652, 436.63126pt x 248.93p
t>
File: _main_files/figure-latex/unnamed-chunk-26-1.pdf Graphic file (type pdf)
<use _main_files/figure-latex/unnamed-chunk-26-1.pdf>
Package pdftex.def Info: _main_files/figure-latex/unnamed-chunk-26-1.pdf  used 
on input line 1982.
(pdftex.def)             Requested size: 345.00154pt x 196.69052pt.
 [54 <./_main_files/figure-latex/unnamed-chunk-26-1.pdf>]
Overfull \hbox (157.65514pt too wide) detected at line 2002
\OML/lmm/m/it/10 ^^Y\OT1/lmr/m/n/10 (\OML/lmm/m/it/10 x\OT1/lmr/m/n/10 ) = []\O
ML/lmm/m/it/10 x[]\OT1/lmr/m/n/10 (1 \OMS/lmsy/m/n/10 ^^@ \OML/lmm/m/it/10 x\OT
1/lmr/m/n/10 )[][]   =[]\OMS/lmsy/m/n/10 )  [] \OT1/lmr/m/n/10 = [](3\OML/lmm/m
/it/10 x[]\OT1/lmr/m/n/10 (1 \OMS/lmsy/m/n/10 ^^@ \OML/lmm/m/it/10 x\OT1/lmr/m/
n/10 )[] \OMS/lmsy/m/n/10 ^^@ \OT1/lmr/m/n/10 7\OML/lmm/m/it/10 x[]\OT1/lmr/m/n
/10 (1 \OMS/lmsy/m/n/10 ^^@ \OML/lmm/m/it/10 x\OT1/lmr/m/n/10 )[])[]   =[]\OMS/
lmsy/m/n/10 )  [] \OT1/lmr/m/n/10 = [](\OML/lmm/m/it/10 x[]\OT1/lmr/m/n/10 (1 \
OMS/lmsy/m/n/10 ^^@ \OML/lmm/m/it/10 x\OT1/lmr/m/n/10 )[](3 \OMS/lmsy/m/n/10 ^^
@ \OT1/lmr/m/n/10 10\OML/lmm/m/it/10 x\OT1/lmr/m/n/10 ))\OML/lmm/m/it/10 :
 []

[55]
<_main_files/figure-latex/unnamed-chunk-29-1.pdf, id=675, 434.62375pt x 248.93p
t>
File: _main_files/figure-latex/unnamed-chunk-29-1.pdf Graphic file (type pdf)
<use _main_files/figure-latex/unnamed-chunk-29-1.pdf>
Package pdftex.def Info: _main_files/figure-latex/unnamed-chunk-29-1.pdf  used 
on input line 2053.
(pdftex.def)             Requested size: 345.0202pt x 197.60973pt.
 [56 <./_main_files/figure-latex/unnamed-chunk-29-1.pdf>]
<_main_files/figure-latex/unnamed-chunk-30-1.pdf, id=693, 434.62375pt x 249.933
75pt>
File: _main_files/figure-latex/unnamed-chunk-30-1.pdf Graphic file (type pdf)
<use _main_files/figure-latex/unnamed-chunk-30-1.pdf>
Package pdftex.def Info: _main_files/figure-latex/unnamed-chunk-30-1.pdf  used 
on input line 2102.
(pdftex.def)             Requested size: 345.0202pt x 198.40654pt.
 [57 <./_main_files/figure-latex/unnamed-chunk-30-1.pdf>] [58]
Chapter 5.
[59

]

LaTeX Font Warning: Font shape `T1/lmtt/bx/it' in size <10> not available
(Font)              Font shape `T1/lmtt/b/sl' tried instead on input line 2194.


<_main_files/figure-latex/unnamed-chunk-31-1.pdf, id=734, 437.635pt x 248.93pt>

File: _main_files/figure-latex/unnamed-chunk-31-1.pdf Graphic file (type pdf)
<use _main_files/figure-latex/unnamed-chunk-31-1.pdf>
Package pdftex.def Info: _main_files/figure-latex/unnamed-chunk-31-1.pdf  used 
on input line 2218.
(pdftex.def)             Requested size: 345.00665pt x 196.24231pt.

Underfull \vbox (badness 10000) has occurred while \output is active []

 [60]
<_main_files/figure-latex/unnamed-chunk-31-2.pdf, id=741, 422.57875pt x 248.93p
t>
File: _main_files/figure-latex/unnamed-chunk-31-2.pdf Graphic file (type pdf)
<use _main_files/figure-latex/unnamed-chunk-31-2.pdf>
Package pdftex.def Info: _main_files/figure-latex/unnamed-chunk-31-2.pdf  used 
on input line 2227.
(pdftex.def)             Requested size: 345.00798pt x 203.23509pt.

Underfull \vbox (badness 10000) has occurred while \output is active []

 [61 <./_main_files/figure-latex/unnamed-chunk-31-1.pdf> <./_main_files/figure-
latex/unnamed-chunk-31-2.pdf>] [62] [63] [64] [65
pdfTeX warning (ext4): destination with the same identifier (name{equation.5.1.
1}) has been already used, duplicate ignored
<argument> ...shipout:D \box_use:N \l_shipout_box 
                                                  \__shipout_drop_firstpage_...
l.2398 
       ] [66] [67] [68]
Underfull \hbox (badness 10000) in paragraph at lines 2527--2529

 []


Overfull \hbox (148.532pt too wide) detected at line 2538
\OML/lmm/m/it/10 p[] \OT1/lmr/m/n/10 = [] [] []  = [] []
 []

[69]
<_main_files/figure-latex/unnamed-chunk-32-1.pdf, id=847, 438.63875pt x 248.93p
t>
File: _main_files/figure-latex/unnamed-chunk-32-1.pdf Graphic file (type pdf)
<use _main_files/figure-latex/unnamed-chunk-32-1.pdf>
Package pdftex.def Info: _main_files/figure-latex/unnamed-chunk-32-1.pdf  used 
on input line 2589.
(pdftex.def)             Requested size: 345.00816pt x 195.7941pt.

Underfull \vbox (badness 10000) has occurred while \output is active []

 [70]
<_main_files/figure-latex/unnamed-chunk-32-2.pdf, id=852, 429.605pt x 283.0575p
t>
File: _main_files/figure-latex/unnamed-chunk-32-2.pdf Graphic file (type pdf)
<use _main_files/figure-latex/unnamed-chunk-32-2.pdf>
Package pdftex.def Info: _main_files/figure-latex/unnamed-chunk-32-2.pdf  used 
on input line 2599.
(pdftex.def)             Requested size: 345.00206pt x 227.31444pt.

Underfull \vbox (badness 3291) has occurred while \output is active []

 [71 <./_main_files/figure-latex/unnamed-chunk-32-1.pdf> <./_main_files/figure-
latex/unnamed-chunk-32-2.pdf>]
pdfTeX warning (ext4): destination with the same identifier (name{exm:norm}) ha
s been already used, duplicate ignored
<to be read again> 
                   \relax 
l.2625 \protect\hypertarget{exm:norm}{}
                                       \label{exm:norm}The time until lorry ...
<_main_files/figure-latex/unnamed-chunk-33-1.pdf, id=874, 429.605pt x 249.93375
pt>
File: _main_files/figure-latex/unnamed-chunk-33-1.pdf Graphic file (type pdf)
<use _main_files/figure-latex/unnamed-chunk-33-1.pdf>
Package pdftex.def Info: _main_files/figure-latex/unnamed-chunk-33-1.pdf  used 
on input line 2636.
(pdftex.def)             Requested size: 345.00206pt x 200.7138pt.
[72 <./_main_files/figure-latex/unnamed-chunk-33-1.pdf>] [73]
<_main_files/figure-latex/unnamed-chunk-34-1.pdf, id=892, 437.635pt x 250.9375p
t>
File: _main_files/figure-latex/unnamed-chunk-34-1.pdf Graphic file (type pdf)
<use _main_files/figure-latex/unnamed-chunk-34-1.pdf>
Package pdftex.def Info: _main_files/figure-latex/unnamed-chunk-34-1.pdf  used 
on input line 2702.
(pdftex.def)             Requested size: 345.00665pt x 197.8249pt.
<_main_files/figure-latex/unnamed-chunk-35-1.pdf, id=893, 448.67625pt x 248.93p
t>
File: _main_files/figure-latex/unnamed-chunk-35-1.pdf Graphic file (type pdf)
<use _main_files/figure-latex/unnamed-chunk-35-1.pdf>
Package pdftex.def Info: _main_files/figure-latex/unnamed-chunk-35-1.pdf  used 
on input line 2712.
(pdftex.def)             Requested size: 345.00938pt x 191.4146pt.

Underfull \vbox (badness 10000) has occurred while \output is active []

 [74 <./_main_files/figure-latex/unnamed-chunk-34-1.pdf>]
<_main_files/figure-latex/unnamed-chunk-35-2.pdf, id=906, 422.57875pt x 283.057
5pt>
File: _main_files/figure-latex/unnamed-chunk-35-2.pdf Graphic file (type pdf)
<use _main_files/figure-latex/unnamed-chunk-35-2.pdf>
Package pdftex.def Info: _main_files/figure-latex/unnamed-chunk-35-2.pdf  used 
on input line 2720.
(pdftex.def)             Requested size: 345.00798pt x 231.09796pt.
 [75 <./_main_files/figure-latex/unnamed-chunk-35-1.pdf> <./_main_files/figure-
latex/unnamed-chunk-35-2.pdf>]
Overfull \hbox (70.33606pt too wide) detected at line 2759
\OML/lmm/m/it/10 p[] \OT1/lmr/m/n/10 = [] [] []  = [] [] \OML/lmm/m/it/10 :
 []


Overfull \hbox (211.49838pt too wide) in paragraph at lines 2779--2779
[]\T1/lmtt/m/n/10 x <- c(1.019844, 1.043574, 1.360953, 1.049228, 1.491926, 1.19
2943, 1.323738, 1.262572, 2.034768, 1.451654)[] 
 []

[76]
<_main_files/figure-latex/unnamed-chunk-37-1.pdf, id=938, 437.635pt x 248.93pt>

File: _main_files/figure-latex/unnamed-chunk-37-1.pdf Graphic file (type pdf)
<use _main_files/figure-latex/unnamed-chunk-37-1.pdf>
Package pdftex.def Info: _main_files/figure-latex/unnamed-chunk-37-1.pdf  used 
on input line 2833.
(pdftex.def)             Requested size: 345.00665pt x 196.24231pt.

Underfull \vbox (badness 10000) has occurred while \output is active []

 [77]
<_main_files/figure-latex/unnamed-chunk-37-2.pdf, id=943, 422.57875pt x 241.903
75pt>
File: _main_files/figure-latex/unnamed-chunk-37-2.pdf Graphic file (type pdf)
<use _main_files/figure-latex/unnamed-chunk-37-2.pdf>
Package pdftex.def Info: _main_files/figure-latex/unnamed-chunk-37-2.pdf  used 
on input line 2842.
(pdftex.def)             Requested size: 345.00798pt x 197.49863pt.

Underfull \vbox (badness 10000) has occurred while \output is active []

 [78 <./_main_files/figure-latex/unnamed-chunk-37-1.pdf> <./_main_files/figure-
latex/unnamed-chunk-37-2.pdf>]
Underfull \hbox (badness 10000) in paragraph at lines 2896--2897

 []

[79]
<_main_files/figure-latex/unnamed-chunk-38-1.pdf, id=973, 438.63875pt x 253.948
75pt>
File: _main_files/figure-latex/unnamed-chunk-38-1.pdf Graphic file (type pdf)
<use _main_files/figure-latex/unnamed-chunk-38-1.pdf>
Package pdftex.def Info: _main_files/figure-latex/unnamed-chunk-38-1.pdf  used 
on input line 2954.
(pdftex.def)             Requested size: 345.00816pt x 199.74156pt.

Underfull \vbox (badness 10000) has occurred while \output is active []

 [80]
<_main_files/figure-latex/unnamed-chunk-38-2.pdf, id=983, 437.635pt x 248.93pt>

File: _main_files/figure-latex/unnamed-chunk-38-2.pdf Graphic file (type pdf)
<use _main_files/figure-latex/unnamed-chunk-38-2.pdf>
Package pdftex.def Info: _main_files/figure-latex/unnamed-chunk-38-2.pdf  used 
on input line 2962.
(pdftex.def)             Requested size: 345.00665pt x 196.24231pt.
<_main_files/figure-latex/unnamed-chunk-38-3.pdf, id=984, 432.61626pt x 283.057
5pt>
File: _main_files/figure-latex/unnamed-chunk-38-3.pdf Graphic file (type pdf)
<use _main_files/figure-latex/unnamed-chunk-38-3.pdf>
Package pdftex.def Info: _main_files/figure-latex/unnamed-chunk-38-3.pdf  used 
on input line 2971.
(pdftex.def)             Requested size: 345.01088pt x 225.73796pt.

Underfull \vbox (badness 10000) has occurred while \output is active []

 [81 <./_main_files/figure-latex/unnamed-chunk-38-1.pdf> <./_main_files/figure-
latex/unnamed-chunk-38-2.pdf>]
<_main_files/figure-latex/unnamed-chunk-38-4.pdf, id=1005, 431.6125pt x 283.057
5pt>
File: _main_files/figure-latex/unnamed-chunk-38-4.pdf Graphic file (type pdf)
<use _main_files/figure-latex/unnamed-chunk-38-4.pdf>
Package pdftex.def Info: _main_files/figure-latex/unnamed-chunk-38-4.pdf  used 
on input line 3000.
(pdftex.def)             Requested size: 345.01385pt x 226.2649pt.

Underfull \vbox (badness 10000) has occurred while \output is active []

 [82 <./_main_files/figure-latex/unnamed-chunk-38-3.pdf>]
<_main_files/figure-latex/unnamed-chunk-38-5.pdf, id=1019, 436.63126pt x 248.93
pt>
File: _main_files/figure-latex/unnamed-chunk-38-5.pdf Graphic file (type pdf)
<use _main_files/figure-latex/unnamed-chunk-38-5.pdf>
Package pdftex.def Info: _main_files/figure-latex/unnamed-chunk-38-5.pdf  used 
on input line 3030.
(pdftex.def)             Requested size: 345.00154pt x 196.69052pt.

Underfull \vbox (badness 10000) has occurred while \output is active []

 [83 <./_main_files/figure-latex/unnamed-chunk-38-4.pdf>] [84 <./_main_files/fi
gure-latex/unnamed-chunk-38-5.pdf>] [85] [86]
<_main_files/figure-latex/unnamed-chunk-39-1.pdf, id=1066, 436.63126pt x 251.94
125pt>
File: _main_files/figure-latex/unnamed-chunk-39-1.pdf Graphic file (type pdf)
<use _main_files/figure-latex/unnamed-chunk-39-1.pdf>
Package pdftex.def Info: _main_files/figure-latex/unnamed-chunk-39-1.pdf  used 
on input line 3146.
(pdftex.def)             Requested size: 345.00154pt x 199.06984pt.

Underfull \vbox (badness 2573) detected at line 3189
 []


Underfull \vbox (badness 1377) has occurred while \output is active []

 [87 <./_main_files/figure-latex/unnamed-chunk-39-1.pdf>]
<_main_files/figure-latex/unnamed-chunk-40-1.pdf, id=1079, 443.6575pt x 248.93p
t>
File: _main_files/figure-latex/unnamed-chunk-40-1.pdf Graphic file (type pdf)
<use _main_files/figure-latex/unnamed-chunk-40-1.pdf>
Package pdftex.def Info: _main_files/figure-latex/unnamed-chunk-40-1.pdf  used 
on input line 3191.
(pdftex.def)             Requested size: 344.99538pt x 193.57207pt.

Underfull \vbox (badness 2359) has occurred while \output is active []

 [88 <./_main_files/figure-latex/unnamed-chunk-40-1.pdf>] [89]
Overfull \hbox (106.49869pt too wide) in paragraph at lines 3230--3230
[]\T1/lmtt/m/n/10 y <- c(20, 16, 20, 17, 18, 19, 19, 18, 21, 20, 19, 22, 23, 19
, 20, 19, 21, 20, 25, 15)[] 
 []

[90] [91] [92

]
Chapter 6.
<_main_files/figure-latex/unnamed-chunk-41-1.pdf, id=1116, 434.62375pt x 249.93
375pt>
File: _main_files/figure-latex/unnamed-chunk-41-1.pdf Graphic file (type pdf)
<use _main_files/figure-latex/unnamed-chunk-41-1.pdf>
Package pdftex.def Info: _main_files/figure-latex/unnamed-chunk-41-1.pdf  used 
on input line 3280.
(pdftex.def)             Requested size: 345.0202pt x 198.40654pt.

Underfull \vbox (badness 1852) has occurred while \output is active []

 [93]
<_main_files/figure-latex/unnamed-chunk-42-1.pdf, id=1122, 407.5225pt x 219.821
24pt>
File: _main_files/figure-latex/unnamed-chunk-42-1.pdf Graphic file (type pdf)
<use _main_files/figure-latex/unnamed-chunk-42-1.pdf>
Package pdftex.def Info: _main_files/figure-latex/unnamed-chunk-42-1.pdf  used 
on input line 3306.
(pdftex.def)             Requested size: 345.01529pt x 186.1043pt.

Underfull \vbox (badness 10000) has occurred while \output is active []

 [94 <./_main_files/figure-latex/unnamed-chunk-41-1.pdf>]
<_main_files/figure-latex/unnamed-chunk-43-1.pdf, id=1134, 436.63126pt x 248.93
pt>
File: _main_files/figure-latex/unnamed-chunk-43-1.pdf Graphic file (type pdf)
<use _main_files/figure-latex/unnamed-chunk-43-1.pdf>
Package pdftex.def Info: _main_files/figure-latex/unnamed-chunk-43-1.pdf  used 
on input line 3310.
(pdftex.def)             Requested size: 345.00154pt x 196.69052pt.
 [95 <./_main_files/figure-latex/unnamed-chunk-42-1.pdf> <./_main_files/figure-
latex/unnamed-chunk-43-1.pdf>]
Underfull \hbox (badness 2961) in paragraph at lines 3319--3320
[][]\T1/lmr/bx/n/10 (+20) Definition 6.2. []\T1/lmr/m/n/10 (+20) A \T1/lmr/bx/n
/10 (+20) GP dis-tri-bu-tion on a func-tion $\OML/lmm/m/it/10 f\OT1/lmr/m/n/10 
(+20) (\OML/lmm/m/it/10 x\OT1/lmr/m/n/10 (+20) )$ \T1/lmr/m/n/10 (+20) is de-
 []


Underfull \hbox (badness 2318) in paragraph at lines 3319--3320
\T1/lmr/m/n/10 (+20) fined through its mean func-tion $\OML/lmm/m/it/10 ^^V\OT1
/lmr/m/n/10 (+20) (\OML/lmm/m/it/10 x\OT1/lmr/m/n/10 (+20) ) = \U/msb/m/n/10 E\
OT1/lmr/m/n/10 (+20) (\OML/lmm/m/it/10 x\OT1/lmr/m/n/10 (+20) )$ \T1/lmr/m/n/10
 (+20) and co-vari-ance func-
 []


Underfull \hbox (badness 3260) in paragraph at lines 3319--3320
\T1/lmr/m/n/10 (+20) tion $\OML/lmm/m/it/10 k\OT1/lmr/m/n/10 (+20) (\OML/lmm/m/
it/10 x; x[]\OT1/lmr/m/n/10 (+20) ) = \U/msb/m/n/10 E\OT1/lmr/m/n/10 (+20) (\OM
L/lmm/m/it/10 x\OT1/lmr/m/n/10 (+20) ) []$\T1/lmr/m/n/10 (+20) . We write it as

 []

<_main_files/figure-latex/unnamed-chunk-44-1.pdf, id=1154, 436.63126pt x 248.93
pt>
File: _main_files/figure-latex/unnamed-chunk-44-1.pdf Graphic file (type pdf)
<use _main_files/figure-latex/unnamed-chunk-44-1.pdf>
Package pdftex.def Info: _main_files/figure-latex/unnamed-chunk-44-1.pdf  used 
on input line 3350.
(pdftex.def)             Requested size: 345.00154pt x 196.69052pt.
[96] [97 <./_main_files/figure-latex/unnamed-chunk-44-1.pdf>]
<_main_files/figure-latex/unnamed-chunk-45-1.pdf, id=1181, 434.62375pt x 251.94
125pt>
File: _main_files/figure-latex/unnamed-chunk-45-1.pdf Graphic file (type pdf)
<use _main_files/figure-latex/unnamed-chunk-45-1.pdf>
Package pdftex.def Info: _main_files/figure-latex/unnamed-chunk-45-1.pdf  used 
on input line 3432.
(pdftex.def)             Requested size: 345.0202pt x 200.00017pt.
 [98]
<_main_files/figure-latex/unnamed-chunk-46-1.pdf, id=1194, 436.63126pt x 248.93
pt>
File: _main_files/figure-latex/unnamed-chunk-46-1.pdf Graphic file (type pdf)
<use _main_files/figure-latex/unnamed-chunk-46-1.pdf>
Package pdftex.def Info: _main_files/figure-latex/unnamed-chunk-46-1.pdf  used 
on input line 3441.
(pdftex.def)             Requested size: 345.00154pt x 196.69052pt.

Underfull \vbox (badness 10000) has occurred while \output is active []

 [99 <./_main_files/figure-latex/unnamed-chunk-45-1.pdf>]
Underfull \hbox (badness 2818) in paragraph at lines 3464--3466
\T1/lmr/m/n/10 (+20) where $[][] \OT1/lmr/m/n/10 (+20) = \OML/lmm/m/it/10 K\OT1
/lmr/m/n/10 (+20) ([][]\OML/lmm/m/it/10 ; []\OT1/lmr/m/n/10 (+20) )(\OML/lmm/m/
it/10 K\OT1/lmr/m/n/10 (+20) ([]\OML/lmm/m/it/10 ; []\OT1/lmr/m/n/10 (+20) ) + 
\OML/lmm/m/it/10 ^^[[]I\OT1/lmr/m/n/10 (+20) )[][]$ \T1/lmr/m/n/10 (+20) and $\
OML/lmm/m/it/10 K[] \OT1/lmr/m/n/10 (+20) = \OML/lmm/m/it/10 K\OT1/lmr/m/n/10 (
+20) ([][]\OML/lmm/m/it/10 ; [][]\OT1/lmr/m/n/10 (+20) ) \OMS/lmsy/m/n/10 ^^@
 []

<_main_files/figure-latex/unnamed-chunk-47-1.pdf, id=1207, 436.63126pt x 248.93
pt>
File: _main_files/figure-latex/unnamed-chunk-47-1.pdf Graphic file (type pdf)
<use _main_files/figure-latex/unnamed-chunk-47-1.pdf>
Package pdftex.def Info: _main_files/figure-latex/unnamed-chunk-47-1.pdf  used 
on input line 3468.
(pdftex.def)             Requested size: 345.00154pt x 196.69052pt.
[100 <./_main_files/figure-latex/unnamed-chunk-46-1.pdf>] [101 <./_main_files/f
igure-latex/unnamed-chunk-47-1.pdf>]
Overfull \hbox (31.7094pt too wide) detected at line 3514
\OML/lmm/m/it/10 ^^Y\OT1/lmr/m/n/10 (\OML/lmm/m/it/10 y[]; [] ; y[]; [] \OMS/lm
sy/m/n/10 j \OML/lmm/m/it/10 p\OT1/lmr/m/n/10 ) = [] [] \OML/lmm/m/it/10 :
 []


Overfull \hbox (9.51541pt too wide) detected at line 3518
\OML/lmm/m/it/10 ^^Y\OT1/lmr/m/n/10 (\OML/lmm/m/it/10 p \OMS/lmsy/m/n/10 j \OML
/lmm/m/it/10 y[]; [] ; y[]; []\OT1/lmr/m/n/10 ) = [] [] \OML/lmm/m/it/10 :
 []

[102]
<postcode.jpeg, id=1242, 172.645pt x 67.25125pt>
File: postcode.jpeg Graphic file (type jpg)
<use postcode.jpeg>
Package pdftex.def Info: postcode.jpeg  used on input line 3551.
(pdftex.def)             Requested size: 172.64719pt x 67.25209pt.
 [103 <./postcode.jpeg>]
<_main_files/figure-latex/unnamed-chunk-49-1.pdf, id=1252, 436.63126pt x 248.93
pt>
File: _main_files/figure-latex/unnamed-chunk-49-1.pdf Graphic file (type pdf)
<use _main_files/figure-latex/unnamed-chunk-49-1.pdf>
Package pdftex.def Info: _main_files/figure-latex/unnamed-chunk-49-1.pdf  used 
on input line 3565.
(pdftex.def)             Requested size: 345.00154pt x 196.69052pt.

Overfull \hbox (34.4291pt too wide) detected at line 3575
[]
 []

[104 <./_main_files/figure-latex/unnamed-chunk-49-1.pdf>]
Overfull \hbox (49.5278pt too wide) detected at line 3596
[]
 []

[105] [106] [107]
Overfull \hbox (59.24883pt too wide) in paragraph at lines 3787--3787
[]\T1/lmtt/m/n/10 ##  [1] 0.8519237 0.5286251 0.3126172 0.9691679 0.4883547 0.4
677043 0.7339799[] 
 []

[108]
<_main_files/figure-latex/unnamed-chunk-50-1.pdf, id=1315, 424.58624pt x 247.92
625pt>
File: _main_files/figure-latex/unnamed-chunk-50-1.pdf Graphic file (type pdf)
<use _main_files/figure-latex/unnamed-chunk-50-1.pdf>
Package pdftex.def Info: _main_files/figure-latex/unnamed-chunk-50-1.pdf  used 
on input line 3834.
(pdftex.def)             Requested size: 345.01434pt x 201.46228pt.

Underfull \vbox (badness 10000) has occurred while \output is active []

 [109]
Overfull \hbox (59.24883pt too wide) in paragraph at lines 3878--3878
[]\T1/lmtt/m/n/10 ##  [1] 0.8519237 0.5286251 0.3126172 0.9691679 0.4883547 0.4
677043 0.7339799[] 
 []

[110 <./_main_files/figure-latex/unnamed-chunk-50-1.pdf>]
<_main_files/figure-latex/unnamed-chunk-51-1.pdf, id=1334, 429.605pt x 247.9262
5pt>
File: _main_files/figure-latex/unnamed-chunk-51-1.pdf Graphic file (type pdf)
<use _main_files/figure-latex/unnamed-chunk-51-1.pdf>
Package pdftex.def Info: _main_files/figure-latex/unnamed-chunk-51-1.pdf  used 
on input line 3925.
(pdftex.def)             Requested size: 345.00206pt x 199.10165pt.
 [111 <./_main_files/figure-latex/unnamed-chunk-51-1.pdf>]
Overfull \hbox (59.24883pt too wide) in paragraph at lines 3966--3966
[]\T1/lmtt/m/n/10 ##  [1] 0.8519237 0.5286251 0.3126172 0.9691679 0.4883547 0.4
677043 0.7339799[] 
 []

[112]
<_main_files/figure-latex/unnamed-chunk-52-1.pdf, id=1352, 424.58624pt x 247.92
625pt>
File: _main_files/figure-latex/unnamed-chunk-52-1.pdf Graphic file (type pdf)
<use _main_files/figure-latex/unnamed-chunk-52-1.pdf>
Package pdftex.def Info: _main_files/figure-latex/unnamed-chunk-52-1.pdf  used 
on input line 4013.
(pdftex.def)             Requested size: 345.01434pt x 201.46228pt.
 [113 <./_main_files/figure-latex/unnamed-chunk-52-1.pdf>]
Overfull \hbox (155.81001pt too wide) detected at line 4064
\OML/lmm/m/it/10 ^^Y\OT1/lmr/m/n/10 ([]\OML/lmm/m/it/10 ; []\OMS/lmsy/m/n/10 j\
OML/lmm/m/it/10 ^^L\OT1/lmr/m/n/10 ) \OMS/lmsy/m/n/10 / [] []  ^^B  [] []  ^^B 
 [] \OML/lmm/m/it/10 :
 []

[114] [115]
<_main_files/figure-latex/unnamed-chunk-53-1.pdf, id=1376, 424.58624pt x 247.92
625pt>
File: _main_files/figure-latex/unnamed-chunk-53-1.pdf Graphic file (type pdf)
<use _main_files/figure-latex/unnamed-chunk-53-1.pdf>
Package pdftex.def Info: _main_files/figure-latex/unnamed-chunk-53-1.pdf  used 
on input line 4159.
(pdftex.def)             Requested size: 345.01434pt x 201.46228pt.

Underfull \vbox (badness 1117) has occurred while \output is active []

 [116 <./_main_files/figure-latex/unnamed-chunk-53-1.pdf>] [117]
<_main_files/figure-latex/unnamed-chunk-54-1.pdf, id=1405, 429.605pt x 247.9262
5pt>
File: _main_files/figure-latex/unnamed-chunk-54-1.pdf Graphic file (type pdf)
<use _main_files/figure-latex/unnamed-chunk-54-1.pdf>
Package pdftex.def Info: _main_files/figure-latex/unnamed-chunk-54-1.pdf  used 
on input line 4286.
(pdftex.def)             Requested size: 345.00206pt x 199.10165pt.

Underfull \vbox (badness 10000) has occurred while \output is active []

 [118]
Underfull \vbox (badness 2452) has occurred while \output is active []

 [119 <./_main_files/figure-latex/unnamed-chunk-54-1.pdf>] [120] [121] [122]
<_main_files/figure-latex/unnamed-chunk-56-1.pdf, id=1454, 436.63126pt x 248.93
pt>
File: _main_files/figure-latex/unnamed-chunk-56-1.pdf Graphic file (type pdf)
<use _main_files/figure-latex/unnamed-chunk-56-1.pdf>
Package pdftex.def Info: _main_files/figure-latex/unnamed-chunk-56-1.pdf  used 
on input line 4461.
(pdftex.def)             Requested size: 345.00154pt x 196.69052pt.
<_main_files/figure-latex/unnamed-chunk-56-2.pdf, id=1455, 436.63126pt x 248.93
pt>
File: _main_files/figure-latex/unnamed-chunk-56-2.pdf Graphic file (type pdf)
<use _main_files/figure-latex/unnamed-chunk-56-2.pdf>
Package pdftex.def Info: _main_files/figure-latex/unnamed-chunk-56-2.pdf  used 
on input line 4470.
(pdftex.def)             Requested size: 345.00154pt x 196.69052pt.

Underfull \vbox (badness 10000) has occurred while \output is active []

 [123 <./_main_files/figure-latex/unnamed-chunk-56-1.pdf>]
Overfull \hbox (38.24889pt too wide) in paragraph at lines 4504--4504
[]\T1/lmtt/m/n/10 ##  [1] -0.8011436  0.2770003  1.1693495  1.9265967  2.487020
5  2.7917595[] 
 []

<_main_files/figure-latex/unnamed-chunk-58-1.pdf, id=1467, 436.63126pt x 248.93
pt>
File: _main_files/figure-latex/unnamed-chunk-58-1.pdf Graphic file (type pdf)
<use _main_files/figure-latex/unnamed-chunk-58-1.pdf>
Package pdftex.def Info: _main_files/figure-latex/unnamed-chunk-58-1.pdf  used 
on input line 4512.
(pdftex.def)             Requested size: 345.00154pt x 196.69052pt.

Underfull \vbox (badness 10000) has occurred while \output is active []

 [124 <./_main_files/figure-latex/unnamed-chunk-56-2.pdf>]
Overfull \hbox (106.49869pt too wide) in paragraph at lines 4545--4545
[]\T1/lmtt/m/n/10 -5.93,  33.12, -21.41, -12.42, -17.64,  -5.47, -27.95, -22.25
, -20.40, -26.28, -24.57,[] 
 []

[125 <./_main_files/figure-latex/unnamed-chunk-58-1.pdf>] (./_main.bbl [126])
[127

] (./_main.aux)
 ***********
LaTeX2e <2023-11-01> patch level 1
L3 programming layer <2024-02-20>
 ***********


LaTeX Warning: There were multiply-defined labels.

 ) 
Here is how much of TeX's memory you used:
 15725 strings out of 474116
 257351 string characters out of 5743683
 1945187 words of memory out of 5000000
 36939 multiletter control sequences out of 15000+600000
 668778 words of font info for 276 fonts, out of 8000000 for 9000
 1141 hyphenation exceptions out of 8191
 83i,19n,93p,1264b,787s stack positions out of 10000i,1000n,20000p,200000b,200000s
</usr/local/texlive/2024/texmf-dist/fonts/type1/public/lm/lmbx10.pfb></usr/lo
cal/texlive/2024/texmf-dist/fonts/type1/public/lm/lmbx12.pfb></usr/local/texliv
e/2024/texmf-dist/fonts/type1/public/lm/lmbxi10.pfb></usr/local/texlive/2024/te
xmf-dist/fonts/type1/public/lm/lmex10.pfb></usr/local/texlive/2024/texmf-dist/f
onts/type1/public/lm/lmmi10.pfb></usr/local/texlive/2024/texmf-dist/fonts/type1
/public/lm/lmmi5.pfb></usr/local/texlive/2024/texmf-dist/fonts/type1/public/lm/
lmmi7.pfb></usr/local/texlive/2024/texmf-dist/fonts/type1/public/lm/lmmib10.pfb
></usr/local/texlive/2024/texmf-dist/fonts/type1/public/lm/lmr10.pfb></usr/loca
l/texlive/2024/texmf-dist/fonts/type1/public/lm/lmr12.pfb></usr/local/texlive/2
024/texmf-dist/fonts/type1/public/lm/lmr17.pfb></usr/local/texlive/2024/texmf-d
ist/fonts/type1/public/lm/lmr5.pfb></usr/local/texlive/2024/texmf-dist/fonts/ty
pe1/public/lm/lmr7.pfb></usr/local/texlive/2024/texmf-dist/fonts/type1/public/l
m/lmri10.pfb></usr/local/texlive/2024/texmf-dist/fonts/type1/public/lm/lmro10.p
fb></usr/local/texlive/2024/texmf-dist/fonts/type1/public/lm/lmsy10.pfb></usr/l
ocal/texlive/2024/texmf-dist/fonts/type1/public/lm/lmsy5.pfb></usr/local/texliv
e/2024/texmf-dist/fonts/type1/public/lm/lmsy7.pfb></usr/local/texlive/2024/texm
f-dist/fonts/type1/public/lm/lmtk10.pfb></usr/local/texlive/2024/texmf-dist/fon
ts/type1/public/lm/lmtko10.pfb></usr/local/texlive/2024/texmf-dist/fonts/type1/
public/lm/lmtt10.pfb></usr/local/texlive/2024/texmf-dist/fonts/type1/public/lm/
lmtti10.pfb></usr/local/texlive/2024/texmf-dist/fonts/type1/public/amsfonts/sym
bols/msbm10.pfb></usr/local/texlive/2024/texmf-dist/fonts/type1/public/amsfonts
/symbols/msbm7.pfb>
Output written on _main.pdf (127 pages, 2091826 bytes).
PDF statistics:
 1892 PDF objects out of 2073 (max. 8388607)
 1535 compressed objects within 16 object streams
 539 named destinations out of 1000 (max. 500000)
 60034 words of extra memory for PDF output out of 61914 (max. 10000000)

